// 重构日志: 76521ae1
// 重构日志: 52c412cf
// 重构日志: 16c17865
// 重构日志: 371fea6c
// 重构日志: 329dd7b6
// 重构日志: 0505bb4b
// 重构日志: 49d679b8
// 重构日志: c6472dd5
// 同步 ID: d3afa149 @ Wed Jul 15 04:00:52 UTC 2026
// 同步 ID: b8b462d6 @ Wed Jul 15 12:23:56 UTC 2026
// 同步 ID: 7c340736 @ Wed Jul 15 16:16:41 UTC 2026
// 重构日志: 176f23a7
// 重构日志: b5d3e9be
// 同步 ID: 56bece3d @ Sat Jul 18 03:57:01 UTC 2026
// 重构日志: a61de721
// 重构日志: 36c2d514
// 重构日志: 71d1b2ef
// 重构日志: 01a6923a
// 同步 ID: 0a035704 @ Sat Jul 18 18:11:39 UTC 2026
// 同步 ID: 83cca837 @ Sun Jul 19 01:04:28 UTC 2026
// 重构日志: 87101815
// 同步 ID: 29c193d0 @ Mon Jul 20 08:06:50 UTC 2026
// 重构日志: 31b0e5ae
// 重构日志: 41899b3c
// 重构日志: 491970b0
// 重构日志: e1f380f2
// 同步 ID: ee3f97ca @ Thu Jul 23 16:51:06 UTC 2026
// 重构日志: e3d99f8d
// 重构日志: 5f84c8e1
// 同步 ID: 27463424 @ Fri Jul 24 16:32:09 UTC 2026
